<?xml version="1.0" encoding="UTF-8"?>
<testsuite xmlns:xsi="http://www.w3.org/2001/XMLSchema-instance" xsi:noNamespaceSchemaLocation="https://maven.apache.org/surefire/maven-surefire-plugin/xsd/surefire-test-report.xsd" version="3.0.2" name="com.example.bajaj_finserv_health.BajajFinservHealthApplicationTests" time="3.039" tests="1" errors="0" skipped="0" failures="0">
  <properties>
[...]
</properties>
  <testcase name="contextLoads" classname="com.example.bajaj_finserv_health.BajajFinservHealthApplicationTests" time="0.567">
    <system-out><![CDATA[23:58:34.020 [main] INFO org.springframework.test.context.support.AnnotationConfigContextLoaderUtils -- Could not detect default configuration classes for test class [com.example.bajaj_finserv_health.BajajFinservHealthApplicationTests]: BajajFinservHealthApplicationTests does not declare any static, non-private, non-final, nested classes annotated with @Configuration.
23:58:34.137 [main] INFO org.springframework.boot.test.context.SpringBootTestContextBootstrapper -- Found @SpringBootConfiguration com.example.bajaj_finserv_health.BajajFinservHealthApplication for test class com.example.bajaj_finserv_health.BajajFinservHealthApplicationTests

  .   ____          _            __ _ _
 /\\ / ___'_ __ _ _(_)_ __  __ _ \ \ \ \
( ( )\___ | '_ | '_| | '_ \/ _` | \ \ \ \
 \\/  ___)| |_)| | | | | || (_| |  ) ) ) )
  '  |____| .__|_| |_|_| |_\__, | / / / /
 =========|_|==============|___/=/_/_/_/

 :: Spring Boot ::                (v3.5.5)

2025-09-03T23:58:34.576+05:30  INFO 30500 --- [bajaj-finserv-health] [           main] c.e.b.BajajFinservHealthApplicationTests : Starting BajajFinservHealthApplicationTests using Java 24.0.2 with PID 30500 (started by jeffr in C:\Users\jeffr\Codes\Projects\Baja\bajaj-finserv-health\bajaj-finserv-health)
2025-09-03T23:58:34.578+05:30  INFO 30500 --- [bajaj-finserv-health] [           main] c.e.b.BajajFinservHealthApplicationTests : No active profile set, falling back to 1 default profile: "default"
2025-09-03T23:58:35.668+05:30  WARN 30500 --- [bajaj-finserv-health] [           main] .s.s.UserDetailsServiceAutoConfiguration : 

Using generated security password: ff8ed45e-f8ce-4df6-9f76-5551bbf024b5

This generated password is for development use only. Your security configuration must be updated before running your application in production.

2025-09-03T23:58:35.673+05:30  INFO 30500 --- [bajaj-finserv-health] [           main] r$InitializeUserDetailsManagerConfigurer : Global AuthenticationManager configured with UserDetailsService bean with name inMemoryUserDetailsManager
2025-09-03T23:58:35.787+05:30  INFO 30500 --- [bajaj-finserv-health] [           main] c.e.b.BajajFinservHealthApplicationTests : Started BajajFinservHealthApplicationTests in 1.505 seconds (process running for 2.399)
Response from generateWebhook: {webhook=https://bfhldevapigw.healthrx.co.in/hiring/testWebhook/JAVA, accessToken=eyJhbGciOiJIUzI1NiJ9.eyJyZWdObyI6IlJFRzEyMzQ3IiwibmFtZSI6IkpvaG4gRG9lIiwiZW1haWwiOiJqb2huQGV4YW1wbGUuY29tIiwic3ViIjoid2ViaG9vay11c2VyIiwiaWF0IjoxNzU2OTI0MTE3LCJleHAiOjE3NTY5MjUwMTd9.-jl9tr1NmAIDaKMZGkbz-3SCdb2a6X9V0qbQukBy4Aw}
Webhook URL: https://bfhldevapigw.healthrx.co.in/hiring/testWebhook/JAVA
Access Token: eyJhbGciOiJIUzI1NiJ9.eyJyZWdObyI6IlJFRzEyMzQ3IiwibmFtZSI6IkpvaG4gRG9lIiwiZW1haWwiOiJqb2huQGV4YW1wbGUuY29tIiwic3ViIjoid2ViaG9vay11c2VyIiwiaWF0IjoxNzU2OTI0MTE3LCJleHAiOjE3NTY5MjUwMTd9.-jl9tr1NmAIDaKMZGkbz-3SCdb2a6X9V0qbQukBy4Aw
Webhook Response: 200 OK
Webhook Response Body: {"success":true,"message":"Webhook processed successfully"}
]]></system-out>
    <system-err><![CDATA[Mockito is currently self-attaching to enable the inline-mock-maker. This will no longer work in future releases of the JDK. Please add Mockito as an agent to your build as described in Mockito's documentation: https://javadoc.io/doc/org.mockito/mockito-core/latest/org.mockito/org/mockito/Mockito.html#0.3
WARNING: A Java agent has been loaded dynamically (C:\Users\jeffr\.m2\repository\net\bytebuddy\byte-buddy-agent\1.17.7\byte-buddy-agent-1.17.7.jar)
WARNING: If a serviceability tool is in use, please run with -XX:+EnableDynamicAgentLoading to hide this warning
WARNING: If a serviceability tool is not in use, please run with -Djdk.instrument.traceUsage for more information
WARNING: Dynamic loading of agents will be disallowed by default in a future release
]]></system-err>
  </testcase>
</testsuite>